<?xml version="1.0" encoding="UTF-8"?>
<!-- Generated by org.testng.reporters.JUnitXMLReporter -->
<testsuite hostname="TEPL-THN-WS376" name="case1" tests="4" failures="0" timestamp="11 Jun 2019 10:18:46 GMT" time="0.015" errors="0">
  <testcase name="runTest1" time="0.002" classname="TestNG_Annotations.TestConfiguration"/>
  <testcase name="runTest2" time="0.001" classname="TestNG_Annotations.TestConfiguration"/>
  <testcase name="runOtherTest1" time="0.001" classname="TestNG_Annotations.TestDBConnection"/>
  <testcase name="runOtherTest2" time="0.0" classname="TestNG_Annotations.TestDBConnection"/>
</testsuite> <!-- case1 -->
