<?xml version="1.0" encoding="UTF-8"?>
<!-- Generated by org.testng.reporters.JUnitXMLReporter -->
<testsuite hostname="TEPL-THN-WS376" name="Welcome_Page" tests="4" failures="0" timestamp="3 Jun 2019 12:19:24 GMT" time="14.353" errors="0">
  <testcase name="Register" time="1.329" classname="Welcome_Page.Welcome_dash"/>
  <testcase name="Select_farm" time="3.05" classname="Welcome_Page.Welcome_dash"/>
  <testcase name="Select_light" time="2.995" classname="Welcome_Page.Welcome_dash"/>
  <testcase name="Web_product_info" time="1.552" classname="Welcome_Page.Welcome_dash"/>
</testsuite> <!-- Welcome_Page -->
