<?xml version="1.0" encoding="UTF-8"?>
<!-- Generated by org.testng.reporters.JUnitXMLReporter -->
<testsuite hostname="TEPL-THN-WS376" name="Test" tests="10" failures="0" timestamp="13 Jun 2019 10:02:04 GMT" time="15.699" errors="0">
  <testcase name="File" time="0.354" classname="Transient_App_windows.Transient_home"/>
  <testcase name="Home" time="0.343" classname="Transient_App_windows.Transient_home"/>
  <testcase name="File1" time="0.861" classname="Transient_App_windows.Transient_home"/>
  <testcase name="Exit_app" time="0.662" classname="Transient_App_windows.Transient_home"/>
  <testcase name="Model" time="0.867" classname="Transient_App_windows.Model_Menu"/>
  <testcase name="New_model" time="0.328" classname="Transient_App_windows.Model_Menu"/>
  <testcase name="Model1" time="0.882" classname="Transient_App_windows.Model_Menu"/>
  <testcase name="Import_model" time="4.788" classname="Transient_App_windows.Model_Menu"/>
  <testcase name="Model2" time="0.402" classname="Transient_App_windows.Model_Menu"/>
  <testcase name="Export_model" time="4.784" classname="Transient_App_windows.Model_Menu"/>
</testsuite> <!-- Test -->
