<?xml version="1.0" encoding="UTF-8"?>
<!-- Generated by org.testng.reporters.JUnitXMLReporter -->
<testsuite hostname="TEPL-THN-WS376" name="TestOne" tests="3" failures="1" timestamp="13 Jun 2019 09:12:03 GMT" time="0.023" errors="0">
  <testcase name="testMethodFail" time="0.008" classname="Excel_report.TestClassOne">
    <failure type="java.lang.AssertionError" message="expected [true] but found [false]">
      <![CDATA[java.lang.AssertionError: expected [true] but found [false]
	at Excel_report.TestClassOne.testMethodFail(TestClassOne.java:19)
... Removed 28 stack frames]]>
    </failure>
  </testcase> <!-- testMethodFail -->
  <testcase name="testMethodPass" time="0.002" classname="Excel_report.TestClassOne"/>
  <testcase name="testMethodSkip" time="0.0" classname="Excel_report.TestClassOne">
    <skipped/>
  </testcase> <!-- testMethodSkip -->
</testsuite> <!-- TestOne -->
