<?xml version="1.0" encoding="UTF-8"?>
<!-- Generated by org.testng.reporters.JUnitXMLReporter -->
<testsuite hostname="TEPL-THN-WS376" name="TestTwo" tests="3" failures="1" timestamp="13 Jun 2019 09:12:03 GMT" time="0.004" errors="0">
  <testcase name="testMethodFail" time="0.0" classname="Excel_report.TestClassTwo">
    <failure type="java.lang.AssertionError" message="expected [true] but found [false]">
      <![CDATA[java.lang.AssertionError: expected [true] but found [false]
	at Excel_report.TestClassTwo.testMethodFail(TestClassTwo.java:18)
... Removed 28 stack frames]]>
    </failure>
  </testcase> <!-- testMethodFail -->
  <testcase name="testMethodPass" time="0.0" classname="Excel_report.TestClassTwo"/>
  <testcase name="testMethodSkip" time="0.0" classname="Excel_report.TestClassTwo">
    <skipped/>
  </testcase> <!-- testMethodSkip -->
</testsuite> <!-- TestTwo -->
