<?xml version="1.0" encoding="UTF-8"?>
<testsuite name="Test"
           tests="2"
           failures="1"
           errors="0"
           skipped="0"
           time="0.331">
  <properties />
            <testcase name="generateReport" time="0.000" classname="Transient_App_windows.Transient_home">
                <failure type="org.apache.poi.ooxml.POIXMLException"
                  message="org.apache.poi.ooxml.POIXMLException: java.lang.reflect.InvocationTargetException"
              >
<![CDATA[org.apache.poi.ooxml.POIXMLException: org.apache.poi.ooxml.POIXMLException: java.lang.reflect.InvocationTargetException
  org.apache.poi.ooxml.POIXMLDocumentPart.createRelationship(POIXMLDocumentPart.java:603)
  org.apache.poi.xssf.usermodel.XSSFWorkbook.createSheet(XSSFWorkbook.java:892)
  org.automationtesting.excelreport.Xl.addSheet(Xl.java:490)
  org.automationtesting.excelreport.Xl.generateReport(Xl.java:80)
  Transient_App_windows.BaseClass.generateReport(BaseClass.java:103)
  sun.reflect.NativeMethodAccessorImpl.invoke0(Native Method)
  sun.reflect.NativeMethodAccessorImpl.invoke(Unknown Source)
  sun.reflect.DelegatingMethodAccessorImpl.invoke(Unknown Source)
  java.lang.reflect.Method.invoke(Unknown Source)
  org.testng.internal.MethodInvocationHelper.invokeMethod(MethodInvocationHelper.java:86)
  org.testng.internal.Invoker.invokeConfigurationMethod(Invoker.java:514)
  org.testng.internal.Invoker.invokeConfigurations(Invoker.java:215)
  org.testng.internal.Invoker.invokeConfigurations(Invoker.java:142)
  org.testng.SuiteRunner.privateRun(SuiteRunner.java:336)
  org.testng.SuiteRunner.run(SuiteRunner.java:268)
  org.testng.SuiteRunnerWorker.runSuite(SuiteRunnerWorker.java:52)
  org.testng.SuiteRunnerWorker.run(SuiteRunnerWorker.java:86)
  org.testng.TestNG.runSuitesSequentially(TestNG.java:1244)
  org.testng.TestNG.runSuitesLocally(TestNG.java:1169)
  org.testng.TestNG.run(TestNG.java:1064)
  org.testng.remote.RemoteTestNG.run(RemoteTestNG.java:113)
  org.testng.remote.RemoteTestNG.initAndRun(RemoteTestNG.java:206)
  org.testng.remote.RemoteTestNG.main(RemoteTestNG.java:177)
Caused by: org.apache.poi.ooxml.POIXMLException: java.lang.reflect.InvocationTargetException
  org.apache.poi.ooxml.POIXMLFactory.newDocumentPart(POIXMLFactory.java:111)
  org.apache.poi.ooxml.POIXMLDocumentPart.createRelationship(POIXMLDocumentPart.java:588)
  org.apache.poi.xssf.usermodel.XSSFWorkbook.createSheet(XSSFWorkbook.java:892)
  org.automationtesting.excelreport.Xl.addSheet(Xl.java:490)
  org.automationtesting.excelreport.Xl.generateReport(Xl.java:80)
  Transient_App_windows.BaseClass.generateReport(BaseClass.java:103)
  sun.reflect.NativeMethodAccessorImpl.invoke0(Native Method)
  sun.reflect.NativeMethodAccessorImpl.invoke(Unknown Source)
  sun.reflect.DelegatingMethodAccessorImpl.invoke(Unknown Source)
  java.lang.reflect.Method.invoke(Unknown Source)
  org.testng.internal.MethodInvocationHelper.invokeMethod(MethodInvocationHelper.java:86)
  org.testng.internal.Invoker.invokeConfigurationMethod(Invoker.java:514)
  org.testng.internal.Invoker.invokeConfigurations(Invoker.java:215)
  org.testng.internal.Invoker.invokeConfigurations(Invoker.java:142)
  org.testng.SuiteRunner.privateRun(SuiteRunner.java:336)
  org.testng.SuiteRunner.run(SuiteRunner.java:268)
  org.testng.SuiteRunnerWorker.runSuite(SuiteRunnerWorker.java:52)
  org.testng.SuiteRunnerWorker.run(SuiteRunnerWorker.java:86)
  org.testng.TestNG.runSuitesSequentially(TestNG.java:1244)
  org.testng.TestNG.runSuitesLocally(TestNG.java:1169)
  org.testng.TestNG.run(TestNG.java:1064)
  org.testng.remote.RemoteTestNG.run(RemoteTestNG.java:113)
  org.testng.remote.RemoteTestNG.initAndRun(RemoteTestNG.java:206)
  org.testng.remote.RemoteTestNG.main(RemoteTestNG.java:177)
Caused by: java.lang.reflect.InvocationTargetException
  sun.reflect.NativeConstructorAccessorImpl.newInstance0(Native Method)
  sun.reflect.NativeConstructorAccessorImpl.newInstance(Unknown Source)
  sun.reflect.DelegatingConstructorAccessorImpl.newInstance(Unknown Source)
  java.lang.reflect.Constructor.newInstance(Unknown Source)
  org.apache.poi.xssf.usermodel.XSSFFactory.createDocumentPart(XSSFFactory.java:56)
  org.apache.poi.ooxml.POIXMLFactory.newDocumentPart(POIXMLFactory.java:109)
  org.apache.poi.ooxml.POIXMLDocumentPart.createRelationship(POIXMLDocumentPart.java:588)
  org.apache.poi.xssf.usermodel.XSSFWorkbook.createSheet(XSSFWorkbook.java:892)
  org.automationtesting.excelreport.Xl.addSheet(Xl.java:490)
  org.automationtesting.excelreport.Xl.generateReport(Xl.java:80)
  Transient_App_windows.BaseClass.generateReport(BaseClass.java:103)
  sun.reflect.NativeMethodAccessorImpl.invoke0(Native Method)
  sun.reflect.NativeMethodAccessorImpl.invoke(Unknown Source)
  sun.reflect.DelegatingMethodAccessorImpl.invoke(Unknown Source)
  java.lang.reflect.Method.invoke(Unknown Source)
  org.testng.internal.MethodInvocationHelper.invokeMethod(MethodInvocationHelper.java:86)
  org.testng.internal.Invoker.invokeConfigurationMethod(Invoker.java:514)
  org.testng.internal.Invoker.invokeConfigurations(Invoker.java:215)
  org.testng.internal.Invoker.invokeConfigurations(Invoker.java:142)
  org.testng.SuiteRunner.privateRun(SuiteRunner.java:336)
  org.testng.SuiteRunner.run(SuiteRunner.java:268)
  org.testng.SuiteRunnerWorker.runSuite(SuiteRunnerWorker.java:52)
  org.testng.SuiteRunnerWorker.run(SuiteRunnerWorker.java:86)
  org.testng.TestNG.runSuitesSequentially(TestNG.java:1244)
  org.testng.TestNG.runSuitesLocally(TestNG.java:1169)
  org.testng.TestNG.run(TestNG.java:1064)
  org.testng.remote.RemoteTestNG.run(RemoteTestNG.java:113)
  org.testng.remote.RemoteTestNG.initAndRun(RemoteTestNG.java:206)
  org.testng.remote.RemoteTestNG.main(RemoteTestNG.java:177)
Caused by: java.lang.NoSuchMethodError: org.openxmlformats.schemas.spreadsheetml.x2006.main.impl.CTWorksheetImpl.generatedSetterHelperImpl(Lorg/apache/xmlbeans/XmlObject;Ljavax/xml/namespace/QName;IS)Lorg/apache/xmlbeans/XmlObject;
  org.openxmlformats.schemas.spreadsheetml.x2006.main.impl.CTWorksheetImpl.setColsArray(Unknown Source)
  org.apache.poi.xssf.usermodel.helpers.ColumnHelper.cleanColumns(ColumnHelper.java:66)
  org.apache.poi.xssf.usermodel.helpers.ColumnHelper.<init>(ColumnHelper.java:46)
  org.apache.poi.xssf.usermodel.XSSFSheet.onDocumentCreate(XSSFSheet.java:258)
  org.apache.poi.xssf.usermodel.XSSFSheet.<init>(XSSFSheet.java:186)
  sun.reflect.NativeConstructorAccessorImpl.newInstance0(Native Method)
  sun.reflect.NativeConstructorAccessorImpl.newInstance(Unknown Source)
  sun.reflect.DelegatingConstructorAccessorImpl.newInstance(Unknown Source)
  java.lang.reflect.Constructor.newInstance(Unknown Source)
  org.apache.poi.xssf.usermodel.XSSFFactory.createDocumentPart(XSSFFactory.java:56)
  org.apache.poi.ooxml.POIXMLFactory.newDocumentPart(POIXMLFactory.java:109)
  org.apache.poi.ooxml.POIXMLDocumentPart.createRelationship(POIXMLDocumentPart.java:588)
  org.apache.poi.xssf.usermodel.XSSFWorkbook.createSheet(XSSFWorkbook.java:892)
  org.automationtesting.excelreport.Xl.addSheet(Xl.java:490)
  org.automationtesting.excelreport.Xl.generateReport(Xl.java:80)
  Transient_App_windows.BaseClass.generateReport(BaseClass.java:103)
  sun.reflect.NativeMethodAccessorImpl.invoke0(Native Method)
  sun.reflect.NativeMethodAccessorImpl.invoke(Unknown Source)
  sun.reflect.DelegatingMethodAccessorImpl.invoke(Unknown Source)
  java.lang.reflect.Method.invoke(Unknown Source)
  org.testng.internal.MethodInvocationHelper.invokeMethod(MethodInvocationHelper.java:86)
  org.testng.internal.Invoker.invokeConfigurationMethod(Invoker.java:514)
  org.testng.internal.Invoker.invokeConfigurations(Invoker.java:215)
  org.testng.internal.Invoker.invokeConfigurations(Invoker.java:142)
  org.testng.SuiteRunner.privateRun(SuiteRunner.java:336)
  org.testng.SuiteRunner.run(SuiteRunner.java:268)
  org.testng.SuiteRunnerWorker.runSuite(SuiteRunnerWorker.java:52)
  org.testng.SuiteRunnerWorker.run(SuiteRunnerWorker.java:86)
  org.testng.TestNG.runSuitesSequentially(TestNG.java:1244)
  org.testng.TestNG.runSuitesLocally(TestNG.java:1169)
  org.testng.TestNG.run(TestNG.java:1064)
  org.testng.remote.RemoteTestNG.run(RemoteTestNG.java:113)
  org.testng.remote.RemoteTestNG.initAndRun(RemoteTestNG.java:206)
  org.testng.remote.RemoteTestNG.main(RemoteTestNG.java:177)
]]>
      </failure>

          </testcase>
  
  
            <testcase name="File" time="0.331" classname="Transient_App_windows.Transient_home" />
      
</testsuite>
