<?xml version="1.0" encoding="UTF-8"?>
<!-- Generated by org.testng.reporters.JUnitReportReporter -->
<testsuite hostname="TEPL-THN-WS376" name="Once_LED.Settings" tests="5" failures="0" timestamp="4 Jun 2019 05:49:06 GMT" time="98.882" errors="0">
  <testcase name="system" time="3.343" classname="Once_LED.Settings"/>
  <testcase name="DevicesandFirmware" time="11.890" classname="Once_LED.Settings"/>
  <testcase name="Schedule" time="13.294" classname="Once_LED.Settings"/>
  <testcase name="setting_button" time="68.799" classname="Once_LED.Settings"/>
  <testcase name="ramprates" time="1.556" classname="Once_LED.Settings"/>
</testsuite> <!-- Once_LED.Settings -->
