<?xml version="1.0" encoding="UTF-8"?>
<!-- Generated by org.testng.reporters.JUnitReportReporter -->
<testsuite hostname="TEPL-THN-WS376" name="Once_LED.Create_connection" tests="3" failures="0" timestamp="4 Jun 2019 05:49:06 GMT" time="19.998" errors="0">
  <testcase name="Connection" time="18.554" classname="Once_LED.Create_connection"/>
  <testcase name="Setup_wizard" time="0.687" classname="Once_LED.Create_connection"/>
  <testcase name="Manual_mode1" time="0.757" classname="Once_LED.Create_connection"/>
</testsuite> <!-- Once_LED.Create_connection -->
