<?xml version="1.0" encoding="UTF-8"?>
<!-- Generated by org.testng.reporters.JUnitReportReporter -->
<testsuite hostname="TEPL-THN-WS376" name="Transient_App_windows.Model_Menu" tests="6" failures="0" timestamp="13 Jun 2019 10:02:06 GMT" time="13.097" errors="0">
  <testcase name="Model1" time="1.482" classname="Transient_App_windows.Model_Menu"/>
  <testcase name="Import_model" time="4.869" classname="Transient_App_windows.Model_Menu"/>
  <testcase name="Model" time="0.966" classname="Transient_App_windows.Model_Menu"/>
  <testcase name="Model2" time="0.496" classname="Transient_App_windows.Model_Menu"/>
  <testcase name="Export_model" time="4.862" classname="Transient_App_windows.Model_Menu"/>
  <testcase name="New_model" time="0.422" classname="Transient_App_windows.Model_Menu"/>
</testsuite> <!-- Transient_App_windows.Model_Menu -->
