<?xml version="1.0" encoding="UTF-8"?>
<!-- Generated by org.testng.reporters.JUnitReportReporter -->
<testsuite hostname="TEPL-THN-WS376" name="Home_menu.Home_menu" tests="4" failures="0" timestamp="3 Jun 2019 12:21:19 GMT" time="35.778" errors="0">
  <testcase name="Schedule_details" time="31.819" classname="Home_menu.Home_menu"/>
  <testcase name="Devices" time="1.100" classname="Home_menu.Home_menu"/>
  <testcase name="home_button" time="1.230" classname="Home_menu.Home_menu"/>
  <testcase name="Schedule" time="1.629" classname="Home_menu.Home_menu"/>
</testsuite> <!-- Home_menu.Home_menu -->
