<?xml version="1.0" encoding="UTF-8"?>
<!-- Generated by org.testng.reporters.JUnitReportReporter -->
<testsuite hostname="TEPL-THN-WS376" name="Setup_wizard.Create_connection" tests="3" failures="0" timestamp="3 Jun 2019 12:21:19 GMT" time="20.310" errors="0">
  <testcase name="Setup_wizard" time="0.608" classname="Setup_wizard.Create_connection"/>
  <testcase name="Connection" time="18.119" classname="Setup_wizard.Create_connection"/>
  <testcase name="Manual_mode1" time="1.583" classname="Setup_wizard.Create_connection"/>
</testsuite> <!-- Setup_wizard.Create_connection -->
