<?xml version="1.0" encoding="UTF-8"?>
<!-- Generated by org.testng.reporters.JUnitReportReporter -->
<testsuite hostname="TEPL-THN-WS376" name="Transient_App_windows.Transient_home" tests="4" failures="0" timestamp="13 Jun 2019 10:02:06 GMT" time="2.589" errors="0">
  <testcase name="File1" time="0.947" classname="Transient_App_windows.Transient_home"/>
  <testcase name="File" time="0.440" classname="Transient_App_windows.Transient_home"/>
  <testcase name="Home" time="0.434" classname="Transient_App_windows.Transient_home"/>
  <testcase name="Exit_app" time="0.768" classname="Transient_App_windows.Transient_home"/>
</testsuite> <!-- Transient_App_windows.Transient_home -->
