<?xml version="1.0" encoding="UTF-8"?>
<!-- Generated by org.testng.reporters.JUnitReportReporter -->
<testsuite hostname="TEPL-THN-WS376" name="Once_LED.Welcome_dash" tests="4" failures="0" timestamp="4 Jun 2019 05:49:06 GMT" time="8.934" errors="0">
  <testcase name="Register" time="1.311" classname="Once_LED.Welcome_dash"/>
  <testcase name="Web_product_info" time="1.492" classname="Once_LED.Welcome_dash"/>
  <testcase name="Select_light" time="3.119" classname="Once_LED.Welcome_dash"/>
  <testcase name="Select_farm" time="3.012" classname="Once_LED.Welcome_dash"/>
</testsuite> <!-- Once_LED.Welcome_dash -->
