<?xml version="1.0" encoding="UTF-8"?>
<!-- Generated by org.testng.reporters.JUnitReportReporter -->
<testsuite hostname="TEPL-THN-WS376" name="Once_LED.Home_menu" tests="4" failures="0" timestamp="4 Jun 2019 05:49:06 GMT" time="35.393" errors="0">
  <testcase name="Schedule_details" time="31.430" classname="Once_LED.Home_menu"/>
  <testcase name="Devices" time="1.184" classname="Once_LED.Home_menu"/>
  <testcase name="Schedule" time="1.632" classname="Once_LED.Home_menu"/>
  <testcase name="home_button" time="1.147" classname="Once_LED.Home_menu"/>
</testsuite> <!-- Once_LED.Home_menu -->
