<?xml version="1.0" encoding="UTF-8"?>
<!-- Generated by org.testng.reporters.JUnitReportReporter -->
<testsuite hostname="TEPL-THN-WS376" name="Appium.First" tests="4" failures="0" timestamp="29 May 2019 06:51:38 GMT" time="52.180" errors="0">
  <testcase name="Home" time="4.075" classname="Appium.First"/>
  <testcase name="OnceLED" time="1.130" classname="Appium.First"/>
  <testcase name="Dashboard" time="34.662" classname="Appium.First"/>
  <testcase name="Setting" time="12.313" classname="Appium.First"/>
</testsuite> <!-- Appium.First -->
