<?xml version="1.0" encoding="UTF-8"?>
<!-- Generated by org.testng.reporters.JUnitReportReporter -->
<testsuite hostname="TEPL-THN-WS376" name="Scroll.Swipedemo" tests="3" failures="0" timestamp="31 May 2019 07:31:00 GMT" time="4.604" errors="0">
  <testcase name="ScrollToText" time="2.411" classname="Scroll.Swipedemo"/>
  <testcase name="Once_web_info" time="1.610" classname="Scroll.Swipedemo"/>
  <testcase name="home_button" time="0.583" classname="Scroll.Swipedemo"/>
</testsuite> <!-- Scroll.Swipedemo -->
