<?xml version="1.0" encoding="UTF-8"?>
<!-- Generated by org.testng.reporters.JUnitReportReporter -->
<testsuite hostname="TEPL-THN-WS376" name="TestNG_Annotations.TestConfiguration" tests="2" failures="0" timestamp="11 Jun 2019 10:18:46 GMT" time="0.003" errors="0">
  <testcase name="runTest1" time="0.002" classname="TestNG_Annotations.TestConfiguration"/>
  <testcase name="runTest2" time="0.001" classname="TestNG_Annotations.TestConfiguration"/>
</testsuite> <!-- TestNG_Annotations.TestConfiguration -->
