<?xml version="1.0" encoding="UTF-8"?>
<!-- Generated by org.testng.reporters.JUnitReportReporter -->
<testsuite hostname="TEPL-THN-WS376" name="Settings_menu.Settings" tests="5" failures="0" timestamp="3 Jun 2019 12:21:19 GMT" time="33.452" errors="0">
  <testcase name="ramprates" time="1.503" classname="Settings_menu.Settings"/>
  <testcase name="setting_button" time="4.090" classname="Settings_menu.Settings"/>
  <testcase name="DevicesandFirmware" time="11.274" classname="Settings_menu.Settings"/>
  <testcase name="Schedule" time="13.285" classname="Settings_menu.Settings"/>
  <testcase name="system" time="3.300" classname="Settings_menu.Settings"/>
</testsuite> <!-- Settings_menu.Settings -->
