<?xml version="1.0" encoding="UTF-8"?>
<!-- Generated by org.testng.reporters.JUnitReportReporter -->
<testsuite hostname="TEPL-THN-WS376" name="TestNG_Annotations.TestDBConnection" tests="4" failures="0" timestamp="11 Jun 2019 10:18:46 GMT" time="0.001" errors="0">
  <testcase name="runOtherTest2" time="0.000" classname="TestNG_Annotations.TestDBConnection"/>
  <testcase name="runOtherTest1" time="0.000" classname="TestNG_Annotations.TestDBConnection"/>
  <testcase name="runOtherTest1" time="0.001" classname="TestNG_Annotations.TestDBConnection"/>
  <testcase name="runOtherTest2" time="0.000" classname="TestNG_Annotations.TestDBConnection"/>
</testsuite> <!-- TestNG_Annotations.TestDBConnection -->
