<?xml version="1.0" encoding="UTF-8"?>
<!-- Generated by org.testng.reporters.JUnitReportReporter -->
<testsuite hostname="TEPL-THN-WS376" name="Welcome_Page.Welcome_dash" tests="4" failures="0" timestamp="3 Jun 2019 12:21:19 GMT" time="8.928" errors="0">
  <testcase name="Web_product_info" time="1.552" classname="Welcome_Page.Welcome_dash"/>
  <testcase name="Register" time="1.331" classname="Welcome_Page.Welcome_dash"/>
  <testcase name="Select_light" time="2.995" classname="Welcome_Page.Welcome_dash"/>
  <testcase name="Select_farm" time="3.050" classname="Welcome_Page.Welcome_dash"/>
</testsuite> <!-- Welcome_Page.Welcome_dash -->
