<?xml version="1.0" encoding="UTF-8"?>
<!-- Generated by org.testng.reporters.JUnitXMLReporter -->
<testsuite hostname="TEPL-THN-WS376" name="Transient_App_windows" tests="10" failures="0" timestamp="13 Jun 2019 09:51:51 GMT" time="14.219" errors="0">
  <testcase name="File" time="0.339" classname="Transient_App_windows.Transient_home"/>
  <testcase name="Home" time="0.345" classname="Transient_App_windows.Transient_home"/>
  <testcase name="File1" time="0.914" classname="Transient_App_windows.Transient_home"/>
  <testcase name="Exit_app" time="0.769" classname="Transient_App_windows.Transient_home"/>
  <testcase name="Model" time="0.326" classname="Transient_App_windows.Model_Menu"/>
  <testcase name="New_model" time="0.335" classname="Transient_App_windows.Model_Menu"/>
  <testcase name="Model1" time="1.454" classname="Transient_App_windows.Model_Menu"/>
  <testcase name="Import_model" time="3.29" classname="Transient_App_windows.Model_Menu"/>
  <testcase name="Model2" time="0.398" classname="Transient_App_windows.Model_Menu"/>
  <testcase name="Export_model" time="4.572" classname="Transient_App_windows.Model_Menu"/>
</testsuite> <!-- Transient_App_windows -->
